Wrote to /home/runner/work/Kantin-Universitas-Islam-Unisla/Kantin-Universitas-Islam-Unisla/package.json:

{
  "name": "kantin-universitas-islam-unisla",
  "version": "1.0.0",
  "main": "index.js",
  "scripts": {
    "test": "echo \"Error: no test specified\" && exit 1"
  },
  "keywords": [],
  "author": "",
  "license": "ISC",
  "description": ""
}



npm warn deprecated tar@6.2.1: Old versions of tar are not supported, and contain widely publicized security vulnerabilities, which have been fixed in the current version. Please update. Support for old versions may be purchased (at exorbitant rates) by contacting i@izs.me
npm warn deprecated glob@9.3.5: Old versions of glob are not supported, and contain widely publicized security vulnerabilities, which have been fixed in the current version. Please update. Support for old versions may be purchased (at exorbitant rates) by contacting i@izs.me

added 99 packages, and audited 100 packages in 3s

11 packages are looking for funding
  run `npm fund` for details

2 high severity vulnerabilities

To address all issues, run:
  npm audit fix

Run `npm audit` for details.
✔ Creating capacitor.config.json in /home/runner/work/Kantin-Universitas-Islam-Unisla/Kantin-Universitas-Islam-Unisla in 4.81ms
[success] capacitor.config.json created!

Next steps: 
https://capacitorjs.com/docs/getting-started#where-to-go-next
✔ Adding native android project in android in 34.61ms
✔ add in 35.09ms
✔ Copying web assets from sistem_kantin to android/app/src/main/assets/public in 4.20ms
✔ Creating capacitor.config.json in android/app/src/main/assets in 276.75μs
✔ copy android in 8.95ms
✔ Updating Android plugins in 437.20μs
✔ update android in 9.56ms
✔ Syncing Gradle in 189.22μs
[success] android platform added!
Follow the Developer Workflow guide to get building:
https://capacitorjs.com/docs/basics/workflow
